Program Internal Form - List of tuples representation
{ ---> (-1, -1)
int ---> (-1, -1)
a ---> (12, 0)
; ---> (-1, -1)
int ---> (-1, -1)
b ---> (13, 0)
; ---> (-1, -1)
int ---> (-1, -1)
c ---> (14, 0)
; ---> (-1, -1)
int ---> (-1, -1)
min ---> (1, 0)
; ---> (-1, -1)
if ---> (-1, -1)
( ---> (-1, -1)
a ---> (12, 0)
< ---> (-1, -1)
b ---> (13, 0)
) ---> (-1, -1)
{ ---> (-1, -1)
min ---> (1, 0)
= ---> (-1, -1)
a ---> (12, 0)
; ---> (-1, -1)
} ---> (-1, -1)
else ---> (-1, -1)
{ ---> (-1, -1)
min ---> (1, 0)
= ---> (-1, -1)
b ---> (13, 0)
; ---> (-1, -1)
} ---> (-1, -1)
if ---> (-1, -1)
( ---> (-1, -1)
c ---> (14, 0)
< ---> (-1, -1)
min ---> (1, 0)
) ---> (-1, -1)
{ ---> (-1, -1)
min ---> (1, 0)
= ---> (-1, -1)
c ---> (14, 0)
; ---> (-1, -1)
} ---> (-1, -1)
"Minimum is " ---> (13, 1)
write ---> (-1, -1)
( ---> (-1, -1)
) ---> (-1, -1)
write ---> (-1, -1)
( ---> (-1, -1)
min ---> (1, 0)
) ---> (-1, -1)
; ---> (-1, -1)
} ---> (-1, -1)
