{ ---> (-1, -1)
int ---> (-1, -1)
identifier ---> (12, 0)
; ---> (-1, -1)
int ---> (-1, -1)
identifier ---> (13, 0)
; ---> (-1, -1)
int ---> (-1, -1)
identifier ---> (14, 0)
; ---> (-1, -1)
int ---> (-1, -1)
identifier ---> (1, 0)
; ---> (-1, -1)
identifier ---> (12, 0)
= ---> (-1, -1)
nonneginteger ---> (4, 0)
; ---> (-1, -1)
identifier ---> (13, 0)
= ---> (-1, -1)
nonneginteger ---> (6, 0)
; ---> (-1, -1)
identifier ---> (14, 0)
= ---> (-1, -1)
nonneginteger ---> (13, 1)
; ---> (-1, -1)
if ---> (-1, -1)
( ---> (-1, -1)
identifier ---> (12, 0)
< ---> (-1, -1)
identifier ---> (13, 0)
) ---> (-1, -1)
{ ---> (-1, -1)
identifier ---> (1, 0)
= ---> (-1, -1)
identifier ---> (12, 0)
; ---> (-1, -1)
} ---> (-1, -1)
else ---> (-1, -1)
{ ---> (-1, -1)
identifier ---> (1, 0)
= ---> (-1, -1)
identifier ---> (13, 0)
; ---> (-1, -1)
} ---> (-1, -1)
if ---> (-1, -1)
( ---> (-1, -1)
identifier ---> (14, 0)
< ---> (-1, -1)
identifier ---> (1, 0)
) ---> (-1, -1)
{ ---> (-1, -1)
identifier ---> (1, 0)
= ---> (-1, -1)
identifier ---> (14, 0)
; ---> (-1, -1)
} ---> (-1, -1)
write ---> (-1, -1)
( ---> (-1, -1)
conststring ---> (13, 2)
) ---> (-1, -1)
; ---> (-1, -1)
write ---> (-1, -1)
( ---> (-1, -1)
identifier ---> (1, 0)
) ---> (-1, -1)
; ---> (-1, -1)
} ---> (-1, -1)
